[2024-06-12 10:45:48] [1] [WARN] Reporting disabled: using no op test run registrar
[2024-06-12 10:45:48] [1] [INFO] TEST [MobileTesting - addItemsToCart] STARTED at [12:45:48 2024-06-12]
[2024-06-12 10:45:48] [1] [INFO] Starting driver session...
[2024-06-12 10:45:49] [1] [INFO] Driver session started.
[2024-06-12 10:45:49] [1] [INFO] INFO: opening url 'https://www.saucedemo.com/'
[2024-06-12 10:46:09] [1] [INFO] Keys 'standard_user' are sent to element 'loginField'.
[2024-06-12 10:46:10] [1] [INFO] Keys 'secret_sauce' are sent to element 'passwordField'.
[2024-06-12 10:46:10] [1] [INFO] Element 'loginButton' is clicked.
[2024-06-12 10:46:10] [1] [INFO] returned first but found 6 elements by locator: By.xpath: .//*[@class = 'btn btn_primary btn_small btn_inventory ']
[2024-06-12 10:46:10] [1] [INFO] returned first but found 6 elements by locator: By.xpath: .//*[@class = 'btn btn_primary btn_small btn_inventory ']
[2024-06-12 10:46:10] [1] [INFO] returned first but found 6 elements by locator: By.xpath: .//*[@class = 'btn btn_primary btn_small btn_inventory ']
[2024-06-12 10:46:10] [1] [INFO] returned first but found 6 elements by locator: By.xpath: .//*[@class = 'btn btn_primary btn_small btn_inventory ']
[2024-06-12 10:46:10] [1] [INFO] returned first but found 6 elements by locator: By.xpath: .//*[@class = 'btn btn_primary btn_small btn_inventory ']
[2024-06-12 10:46:10] [1] [INFO] returned first but found 6 elements by locator: By.xpath: .//*[@class = 'btn btn_primary btn_small btn_inventory ']
[2024-06-12 10:46:10] [1] [INFO] returned first but found 6 elements by locator: By.xpath: .//*[@class = 'btn btn_primary btn_small btn_inventory ']
[2024-06-12 10:46:10] [1] [INFO] Element 'addToCartButton' is clicked.
[2024-06-12 10:46:10] [1] [INFO] returned first but found 5 elements by locator: By.xpath: .//*[@class = 'btn btn_primary btn_small btn_inventory ']
[2024-06-12 10:46:10] [1] [INFO] Element 'addToCartButton' is clicked.
[2024-06-12 10:46:10] [1] [INFO] returned first but found 4 elements by locator: By.xpath: .//*[@class = 'btn btn_primary btn_small btn_inventory ']
[2024-06-12 10:46:10] [1] [INFO] Element 'addToCartButton' is clicked.
[2024-06-12 10:46:10] [1] [INFO] returned first but found 3 elements by locator: By.xpath: .//*[@class = 'btn btn_primary btn_small btn_inventory ']
[2024-06-12 10:46:10] [1] [INFO] Element 'addToCartButton' is clicked.
[2024-06-12 10:46:10] [1] [INFO] returned first but found 2 elements by locator: By.xpath: .//*[@class = 'btn btn_primary btn_small btn_inventory ']
[2024-06-12 10:46:10] [1] [INFO] Element 'addToCartButton' is clicked.
[2024-06-12 10:46:10] [1] [INFO] Element 'addToCartButton' is clicked.
[2024-06-12 10:46:11] [1] [INFO] returned first but found 6 elements by locator: By.xpath: .//*[@class = 'btn btn_secondary btn_small btn_inventory ']
[2024-06-12 10:46:11] [1] [INFO] returned first but found 6 elements by locator: By.xpath: .//*[@class = 'btn btn_secondary btn_small btn_inventory ']
[2024-06-12 10:46:11] [1] [INFO] returned first but found 6 elements by locator: By.xpath: .//*[@class = 'btn btn_secondary btn_small btn_inventory ']
[2024-06-12 10:46:11] [1] [INFO] returned first but found 6 elements by locator: By.xpath: .//*[@class = 'btn btn_secondary btn_small btn_inventory ']
[2024-06-12 10:46:11] [1] [INFO] returned first but found 6 elements by locator: By.xpath: .//*[@class = 'btn btn_secondary btn_small btn_inventory ']
[2024-06-12 10:46:11] [1] [INFO] returned first but found 6 elements by locator: By.xpath: .//*[@class = 'btn btn_secondary btn_small btn_inventory ']
[2024-06-12 10:46:11] [1] [INFO] Element 'shoppingCartButton' is clicked.
[2024-06-12 10:46:47] [1] [ERROR] TEST [MobileTesting - addItemsToCart] FAILED at [12:46:47 2024-06-12] - The cart should contain a product count equal to the number added. expected [0] but found [6]

org.testng.Assert.fail(Assert.java:111)
org.testng.Assert.failNotEquals(Assert.java:1578)
org.testng.Assert.assertEqualsImpl(Assert.java:150)
org.testng.Assert.assertEquals(Assert.java:132)
org.testng.Assert.assertEquals(Assert.java:1419)
org.testng.Assert.assertEquals(Assert.java:1383)
com.solvd.BaseTest.addItemsToCart(BaseTest.java:54)
java.base/jdk.internal.reflect.DirectMethodHandleAccessor.invoke(DirectMethodHandleAccessor.java:103)
java.base/java.lang.reflect.Method.invoke(Method.java:580)
org.testng.internal.invokers.MethodInvocationHelper.invokeMethod(MethodInvocationHelper.java:141)
org.testng.internal.invokers.TestInvoker.invokeMethod(TestInvoker.java:686)
org.testng.internal.invokers.TestInvoker.invokeTestMethod(TestInvoker.java:230)
org.testng.internal.invokers.MethodRunner.runInSequence(MethodRunner.java:63)
org.testng.internal.invokers.TestInvoker$MethodInvocationAgent.invoke(TestInvoker.java:992)
org.testng.internal.invokers.TestInvoker.invokeTestMethods(TestInvoker.java:203)
org.testng.internal.invokers.TestMethodWorker.invokeTestMethods(TestMethodWorker.java:154)
org.testng.internal.invokers.TestMethodWorker.run(TestMethodWorker.java:134)
java.base/java.util.ArrayList.forEach(ArrayList.java:1596)
org.testng.TestRunner.privateRun(TestRunner.java:739)
org.testng.TestRunner.run(TestRunner.java:614)
org.testng.SuiteRunner.runTest(SuiteRunner.java:421)
org.testng.SuiteRunner.runSequentially(SuiteRunner.java:413)
org.testng.SuiteRunner.privateRun(SuiteRunner.java:373)
org.testng.SuiteRunner.run(SuiteRunner.java:312)
org.testng.SuiteRunnerWorker.runSuite(SuiteRunnerWorker.java:52)
org.testng.SuiteRunnerWorker.run(SuiteRunnerWorker.java:95)
org.testng.TestNG.runSuitesSequentially(TestNG.java:1274)
org.testng.TestNG.runSuitesLocally(TestNG.java:1208)
org.testng.TestNG.runSuites(TestNG.java:1112)
org.testng.TestNG.run(TestNG.java:1079)
com.intellij.rt.testng.IDEARemoteTestNG.run(IDEARemoteTestNG.java:65)
com.intellij.rt.testng.RemoteTestNGStarter.main(RemoteTestNGStarter.java:105)
