[2024-06-12 10:54:28] [1] [WARN] Reporting disabled: using no op test run registrar
[2024-06-12 10:54:28] [1] [INFO] TEST [MobileTesting - checkout] STARTED at [12:54:28 2024-06-12]
[2024-06-12 10:54:28] [1] [INFO] Starting driver session...
[2024-06-12 10:54:29] [1] [INFO] Driver session started.
[2024-06-12 10:54:29] [1] [INFO] INFO: opening url 'https://www.saucedemo.com/'
[2024-06-12 10:54:49] [1] [INFO] Keys 'standard_user' are sent to element 'loginField'.
[2024-06-12 10:54:50] [1] [INFO] Keys 'secret_sauce' are sent to element 'passwordField'.
[2024-06-12 10:54:50] [1] [INFO] Element 'loginButton' is clicked.
[2024-06-12 10:54:50] [1] [INFO] returned first but found 6 elements by locator: By.xpath: .//*[@class = 'btn btn_primary btn_small btn_inventory ']
[2024-06-12 10:54:50] [1] [INFO] Element 'addToCartButton' is clicked.
[2024-06-12 10:54:50] [1] [INFO] returned first but found 5 elements by locator: By.xpath: .//*[@class = 'btn btn_primary btn_small btn_inventory ']
[2024-06-12 10:54:50] [1] [INFO] Element 'addToCartButton' is clicked.
[2024-06-12 10:54:50] [1] [INFO] returned first but found 4 elements by locator: By.xpath: .//*[@class = 'btn btn_primary btn_small btn_inventory ']
[2024-06-12 10:54:50] [1] [INFO] Element 'addToCartButton' is clicked.
[2024-06-12 10:54:50] [1] [INFO] returned first but found 3 elements by locator: By.xpath: .//*[@class = 'btn btn_primary btn_small btn_inventory ']
[2024-06-12 10:54:50] [1] [INFO] Element 'addToCartButton' is clicked.
[2024-06-12 10:54:50] [1] [INFO] returned first but found 2 elements by locator: By.xpath: .//*[@class = 'btn btn_primary btn_small btn_inventory ']
[2024-06-12 10:54:50] [1] [INFO] Element 'addToCartButton' is clicked.
[2024-06-12 10:54:50] [1] [INFO] Element 'addToCartButton' is clicked.
[2024-06-12 10:54:50] [1] [INFO] Element 'shoppingCartButton' is clicked.
[2024-06-12 10:55:11] [1] [ERROR] FAIL: click - waitCondition for element 'checkoutButton (By.id: checkout)' not satisfied!
[2024-06-12 10:55:11] [1] [ERROR] TEST [MobileTesting - checkout] FAILED at [12:55:11 2024-06-12] - no such element By.id: checkout
For documentation on this error, please visit: https://www.selenium.dev/documentation/webdriver/troubleshooting/errors#no-such-element-exception
Build info: version: '4.21.0', revision: '79ed462ef4'
System info: os.name: 'Mac OS X', os.arch: 'aarch64', os.version: '14.2.1', java.version: '21.0.3'
Driver info: driver.version: unknown

com.zebrunner.carina.webdriver.decorator.ExtendedWebElement.findElement(ExtendedWebElement.java:1771)
com.zebrunner.carina.webdriver.decorator.ExtendedWebElement.doAction(ExtendedWebElement.java:1430)
com.zebrunner.carina.webdriver.decorator.ExtendedWebElement.doAction(ExtendedWebElement.java:1407)
com.zebrunner.carina.webdriver.decorator.ExtendedWebElement.click(ExtendedWebElement.java:708)
com.zebrunner.carina.webdriver.decorator.ExtendedWebElement.click(ExtendedWebElement.java:688)
com.zebrunner.carina.webdriver.decorator.ExtendedWebElement.click(ExtendedWebElement.java:670)
com.solvd.pages.common.ShoppingCartBasePage.proceedToCheckout(ShoppingCartBasePage.java:25)
com.solvd.BaseTest.checkout(BaseTest.java:66)
java.base/jdk.internal.reflect.DirectMethodHandleAccessor.invoke(DirectMethodHandleAccessor.java:103)
java.base/java.lang.reflect.Method.invoke(Method.java:580)
org.testng.internal.invokers.MethodInvocationHelper.invokeMethod(MethodInvocationHelper.java:141)
org.testng.internal.invokers.TestInvoker.invokeMethod(TestInvoker.java:686)
org.testng.internal.invokers.TestInvoker.invokeTestMethod(TestInvoker.java:230)
org.testng.internal.invokers.MethodRunner.runInSequence(MethodRunner.java:63)
org.testng.internal.invokers.TestInvoker$MethodInvocationAgent.invoke(TestInvoker.java:992)
org.testng.internal.invokers.TestInvoker.invokeTestMethods(TestInvoker.java:203)
org.testng.internal.invokers.TestMethodWorker.invokeTestMethods(TestMethodWorker.java:154)
org.testng.internal.invokers.TestMethodWorker.run(TestMethodWorker.java:134)
java.base/java.util.ArrayList.forEach(ArrayList.java:1596)
org.testng.TestRunner.privateRun(TestRunner.java:739)
org.testng.TestRunner.run(TestRunner.java:614)
org.testng.SuiteRunner.runTest(SuiteRunner.java:421)
org.testng.SuiteRunner.runSequentially(SuiteRunner.java:413)
org.testng.SuiteRunner.privateRun(SuiteRunner.java:373)
org.testng.SuiteRunner.run(SuiteRunner.java:312)
org.testng.SuiteRunnerWorker.runSuite(SuiteRunnerWorker.java:52)
org.testng.SuiteRunnerWorker.run(SuiteRunnerWorker.java:95)
org.testng.TestNG.runSuitesSequentially(TestNG.java:1274)
org.testng.TestNG.runSuitesLocally(TestNG.java:1208)
org.testng.TestNG.runSuites(TestNG.java:1112)
org.testng.TestNG.run(TestNG.java:1079)
com.intellij.rt.testng.IDEARemoteTestNG.run(IDEARemoteTestNG.java:65)
com.intellij.rt.testng.RemoteTestNGStarter.main(RemoteTestNGStarter.java:105)
